<?xml version="1.0" encoding="UTF-8"?>
<!-- Generated by org.testng.reporters.JUnitReportReporter -->
<testsuite hostname="PXTJHP3RDS1" name="Test.TestNG1" tests="2" failures="0" timestamp="12 Apr 2017 03:21:39 GMT" time="12.316" errors="0">
  <testcase name="f" time="6.693" classname="Test.TestNG1"/>
  <testcase name="f" time="5.623" classname="Test.TestNG1"/>
</testsuite> <!-- Test.TestNG1 -->
