<?xml version="1.0" encoding="UTF-8"?>
<!-- Generated by org.testng.reporters.JUnitReportReporter -->
<testsuite hostname="PXTJHP3RDS1" name="Test.TestNG2" tests="1" failures="0" timestamp="14 Apr 2017 05:03:07 GMT" time="1.464" errors="0">
  <testcase name="f" time="1.464" classname="Test.TestNG2"/>
</testsuite> <!-- Test.TestNG2 -->
