<?xml version="1.0" encoding="UTF-8"?>
<!-- Generated by org.testng.reporters.JUnitReportReporter -->
<testsuite hostname="PXTJHP3RDS1" name="Test.TestNG3" tests="1" failures="0" timestamp="13 Apr 2017 03:05:46 GMT" time="11.478" errors="0">
  <testcase name="f" time="11.478" classname="Test.TestNG3"/>
</testsuite> <!-- Test.TestNG3 -->
