<?xml version="1.0" encoding="UTF-8"?>
<!-- Generated by org.testng.reporters.JUnitReportReporter -->
<testsuite hostname="PXTJHP3RDS1" name="Test.TestNG4" tests="2" failures="0" timestamp="14 Apr 2017 05:32:45 GMT" time="8.804" errors="0">
  <testcase name="f2" time="6.059" classname="Test.TestNG4"/>
  <testcase name="f" time="2.745" classname="Test.TestNG4"/>
</testsuite> <!-- Test.TestNG4 -->
